TN:
SF:src/controllers/password.controller.ts
FN:11,(anonymous_9)
FN:35,(anonymous_10)
FN:52,(anonymous_11)
FNF:3
FNH:3
FNDA:5,(anonymous_9)
FNDA:4,(anonymous_10)
FNDA:5,(anonymous_11)
DA:4,1
DA:6,1
DA:11,1
DA:12,5
DA:14,5
DA:16,5
DA:17,1
DA:18,1
DA:21,4
DA:22,1
DA:23,1
DA:26,3
DA:27,1
DA:30,2
DA:35,1
DA:36,4
DA:38,4
DA:39,4
DA:40,1
DA:41,1
DA:44,3
DA:45,1
DA:47,2
DA:52,1
DA:53,5
DA:55,5
DA:56,5
DA:57,1
DA:58,1
DA:61,4
DA:62,1
DA:63,1
DA:66,3
DA:67,1
DA:69,2
LF:35
LH:35
BRDA:16,0,0,1
BRDA:16,0,1,4
BRDA:16,1,0,5
BRDA:16,1,1,4
BRDA:21,2,0,1
BRDA:21,2,1,3
BRDA:30,3,0,2
BRDA:30,3,1,1
BRDA:39,4,0,1
BRDA:39,4,1,3
BRDA:47,5,0,2
BRDA:47,5,1,1
BRDA:56,6,0,1
BRDA:56,6,1,4
BRDA:56,7,0,5
BRDA:56,7,1,4
BRDA:56,7,2,4
BRDA:61,8,0,1
BRDA:61,8,1,3
BRDA:69,9,0,2
BRDA:69,9,1,1
BRF:21
BRH:21
end_of_record
TN:
SF:src/controllers/user.controller.ts
FN:13,(anonymous_9)
FN:48,(anonymous_10)
FN:81,(anonymous_11)
FN:94,(anonymous_12)
FN:118,(anonymous_13)
FN:129,(anonymous_14)
FN:145,(anonymous_15)
FN:157,(anonymous_16)
FN:169,(anonymous_17)
FN:181,(anonymous_18)
FN:191,(anonymous_19)
FNF:11
FNH:11
FNDA:11,(anonymous_9)
FNDA:9,(anonymous_10)
FNDA:2,(anonymous_11)
FNDA:11,(anonymous_12)
FNDA:2,(anonymous_13)
FNDA:4,(anonymous_14)
FNDA:3,(anonymous_15)
FNDA:2,(anonymous_16)
FNDA:3,(anonymous_17)
FNDA:2,(anonymous_18)
FNDA:11,(anonymous_19)
DA:4,1
DA:6,1
DA:10,1
DA:13,1
DA:14,11
DA:16,11
DA:19,11
DA:20,1
DA:21,1
DA:24,10
DA:25,9
DA:26,8
DA:27,7
DA:28,6
DA:29,5
DA:30,4
DA:33,3
DA:34,3
DA:37,2
DA:41,1
DA:43,1
DA:48,1
DA:49,9
DA:51,9
DA:54,9
DA:55,1
DA:56,1
DA:59,8
DA:60,7
DA:61,6
DA:62,5
DA:63,4
DA:66,3
DA:67,3
DA:70,2
DA:74,1
DA:76,1
DA:81,1
DA:82,2
DA:84,2
DA:85,2
DA:86,1
DA:89,1
DA:94,1
DA:95,11
DA:97,11
DA:100,11
DA:101,10
DA:102,9
DA:103,8
DA:104,7
DA:105,6
DA:106,5
DA:109,4
DA:110,4
DA:111,3
DA:113,1
DA:118,1
DA:119,2
DA:120,2
DA:121,2
DA:122,1
DA:124,1
DA:129,1
DA:130,4
DA:132,4
DA:134,4
DA:138,3
DA:140,1
DA:145,1
DA:146,3
DA:147,3
DA:148,3
DA:149,1
DA:152,2
DA:157,1
DA:158,2
DA:159,2
DA:160,2
DA:161,2
DA:162,1
DA:164,1
DA:169,1
DA:170,3
DA:171,3
DA:172,3
DA:173,3
DA:174,1
DA:176,2
DA:181,1
DA:182,2
DA:183,2
DA:184,1
DA:186,1
DA:191,1
DA:192,11
DA:194,11
DA:197,11
DA:198,10
DA:199,9
DA:200,8
DA:201,7
DA:202,6
DA:203,5
DA:206,4
DA:207,4
DA:208,3
DA:210,1
LF:108
LH:108
BRDA:19,0,0,1
BRDA:19,0,1,10
BRDA:19,1,0,11
BRDA:19,1,1,10
BRDA:19,1,2,10
BRDA:19,1,3,10
BRDA:19,1,4,10
BRDA:19,1,5,10
BRDA:19,1,6,10
BRDA:19,1,7,10
BRDA:19,1,8,10
BRDA:24,2,0,1
BRDA:24,2,1,9
BRDA:25,3,0,1
BRDA:25,3,1,8
BRDA:26,4,0,1
BRDA:26,4,1,7
BRDA:27,5,0,1
BRDA:27,5,1,6
BRDA:28,6,0,1
BRDA:28,6,1,5
BRDA:28,7,0,6
BRDA:28,7,1,1
BRDA:29,8,0,1
BRDA:29,8,1,4
BRDA:30,9,0,1
BRDA:30,9,1,3
BRDA:30,10,0,4
BRDA:30,10,1,1
BRDA:34,11,0,1
BRDA:34,11,1,2
BRDA:54,12,0,1
BRDA:54,12,1,8
BRDA:54,13,0,9
BRDA:54,13,1,8
BRDA:54,13,2,8
BRDA:54,13,3,8
BRDA:54,13,4,8
BRDA:54,13,5,8
BRDA:54,13,6,8
BRDA:54,13,7,8
BRDA:54,13,8,8
BRDA:54,13,9,8
BRDA:59,14,0,1
BRDA:59,14,1,7
BRDA:60,15,0,1
BRDA:60,15,1,6
BRDA:61,16,0,1
BRDA:61,16,1,5
BRDA:62,17,0,1
BRDA:62,17,1,4
BRDA:63,18,0,1
BRDA:63,18,1,3
BRDA:67,19,0,1
BRDA:67,19,1,2
BRDA:100,20,0,1
BRDA:100,20,1,10
BRDA:100,21,0,11
BRDA:100,21,1,1
BRDA:101,22,0,1
BRDA:101,22,1,9
BRDA:101,23,0,10
BRDA:101,23,1,1
BRDA:102,24,0,1
BRDA:102,24,1,8
BRDA:102,25,0,9
BRDA:102,25,1,2
BRDA:102,25,2,1
BRDA:103,26,0,1
BRDA:103,26,1,7
BRDA:103,27,0,8
BRDA:103,27,1,1
BRDA:104,28,0,1
BRDA:104,28,1,6
BRDA:104,29,0,7
BRDA:104,29,1,2
BRDA:104,29,2,1
BRDA:105,30,0,1
BRDA:105,30,1,5
BRDA:105,31,0,6
BRDA:105,31,1,1
BRDA:106,32,0,1
BRDA:106,32,1,4
BRDA:106,33,0,5
BRDA:106,33,1,1
BRDA:135,34,0,2
BRDA:135,34,1,2
BRDA:152,35,0,2
BRDA:152,35,1,1
BRDA:164,36,0,1
BRDA:164,36,1,1
BRDA:176,37,0,2
BRDA:176,37,1,1
BRDA:197,38,0,1
BRDA:197,38,1,10
BRDA:197,39,0,11
BRDA:197,39,1,2
BRDA:198,40,0,1
BRDA:198,40,1,9
BRDA:198,41,0,10
BRDA:198,41,1,1
BRDA:199,42,0,1
BRDA:199,42,1,8
BRDA:199,43,0,9
BRDA:199,43,1,2
BRDA:199,43,2,1
BRDA:200,44,0,1
BRDA:200,44,1,7
BRDA:200,45,0,8
BRDA:200,45,1,1
BRDA:201,46,0,1
BRDA:201,46,1,6
BRDA:201,47,0,7
BRDA:201,47,1,2
BRDA:201,47,2,1
BRDA:202,48,0,1
BRDA:202,48,1,5
BRDA:202,49,0,6
BRDA:202,49,1,1
BRDA:203,50,0,1
BRDA:203,50,1,4
BRDA:203,51,0,5
BRDA:203,51,1,1
BRDA:210,52,0,1
BRDA:210,52,1,1
BRF:125
BRH:125
end_of_record
TN:
SF:src/events/event-emitter.service.ts
FN:64,publish
FN:79,(anonymous_1)
FN:85,(anonymous_2)
FN:91,(anonymous_3)
FN:95,(anonymous_4)
FNF:5
FNH:5
FNDA:5,publish
FNDA:1,(anonymous_1)
FNDA:1,(anonymous_2)
FNDA:2,(anonymous_3)
FNDA:1,(anonymous_4)
DA:1,1
DA:2,1
DA:65,5
DA:66,5
DA:72,4
DA:75,1
DA:79,1
DA:82,1
DA:85,1
DA:88,1
DA:91,1
DA:92,2
DA:95,1
DA:99,1
LF:14
LH:14
BRF:0
BRH:0
end_of_record
TN:
SF:src/factories/UserFactory.ts
FN:61,(anonymous_1)
FN:82,(anonymous_2)
FN:85,(anonymous_3)
FN:114,(anonymous_4)
FN:118,(anonymous_5)
FN:119,(anonymous_6)
FN:121,(anonymous_7)
FN:138,(anonymous_8)
FN:149,(anonymous_9)
FN:154,(anonymous_10)
FN:156,(anonymous_11)
FNF:11
FNH:11
FNDA:9,(anonymous_1)
FNDA:1,(anonymous_2)
FNDA:6,(anonymous_3)
FNDA:4,(anonymous_4)
FNDA:3,(anonymous_5)
FNDA:3,(anonymous_6)
FNDA:1,(anonymous_7)
FNDA:4,(anonymous_8)
FNDA:2,(anonymous_9)
FNDA:2,(anonymous_10)
FNDA:2,(anonymous_11)
DA:2,1
DA:4,1
DA:6,1
DA:8,1
DA:10,1
DA:11,1
DA:12,1
DA:14,1
DA:58,1
DA:63,9
DA:66,6
DA:69,4
DA:71,4
DA:86,6
DA:87,6
DA:89,6
DA:101,6
DA:102,6
DA:105,2
DA:106,1
DA:108,4
DA:113,1
DA:115,4
DA:118,3
DA:119,3
DA:122,1
DA:131,1
DA:132,1
DA:137,1
DA:139,4
DA:140,3
DA:144,1
DA:150,2
DA:154,2
DA:157,2
DA:165,2
DA:166,2
LF:37
LH:37
BRDA:105,0,0,1
BRDA:105,0,1,1
BRDA:115,1,0,1
BRDA:115,1,1,3
BRDA:139,2,0,1
BRDA:139,2,1,3
BRDA:140,3,0,1
BRDA:140,3,1,2
BRDA:141,4,0,3
BRDA:141,4,1,2
BRDA:150,5,0,1
BRDA:150,5,1,1
BRF:12
BRH:12
end_of_record
TN:
SF:src/middlewares/errorHandler.ts
FN:5,(anonymous_0)
FNF:1
FNH:1
FNDA:1,(anonymous_0)
DA:5,1
DA:7,1
DA:9,1
LF:3
LH:3
BRF:0
BRH:0
end_of_record
TN:
SF:src/middlewares/notFound.ts
FN:5,(anonymous_0)
FNF:1
FNH:1
FNDA:1,(anonymous_0)
DA:5,1
DA:6,1
LF:2
LH:2
BRF:0
BRH:0
end_of_record
TN:
SF:src/middlewares/requireRole.ts
FN:7,(anonymous_0)
FN:9,(anonymous_1)
FNF:2
FNH:2
FNDA:3,(anonymous_0)
FNDA:3,(anonymous_1)
DA:7,1
DA:9,3
DA:11,3
DA:12,2
DA:13,2
DA:16,1
LF:6
LH:6
BRDA:11,0,0,2
BRDA:11,0,1,1
BRDA:11,1,0,3
BRDA:11,1,1,2
BRF:4
BRH:4
end_of_record
TN:
SF:src/middlewares/verifyToken.ts
FN:12,(anonymous_1)
FNF:1
FNH:1
FNDA:3,(anonymous_1)
DA:4,1
DA:12,1
DA:14,3
DA:16,3
DA:19,3
DA:20,1
DA:21,1
DA:24,2
DA:26,2
DA:30,1
DA:32,1
DA:35,1
LF:12
LH:12
BRDA:16,0,0,3
BRDA:16,0,1,2
BRDA:19,1,0,1
BRDA:19,1,1,2
BRF:4
BRH:4
end_of_record
TN:
SF:src/repositories/ciudadano.repository.ts
FN:7,(anonymous_0)
FN:12,(anonymous_1)
FN:17,(anonymous_2)
FN:22,(anonymous_3)
FNF:4
FNH:4
FNDA:3,(anonymous_0)
FNDA:1,(anonymous_1)
FNDA:1,(anonymous_2)
FNDA:1,(anonymous_3)
DA:2,1
DA:4,1
DA:7,3
DA:10,1
DA:13,1
DA:18,1
DA:23,1
LF:7
LH:7
BRF:0
BRH:0
end_of_record
TN:
SF:src/repositories/institucion.repository.ts
FN:7,(anonymous_0)
FN:12,(anonymous_1)
FN:17,(anonymous_2)
FN:22,(anonymous_3)
FNF:4
FNH:4
FNDA:3,(anonymous_0)
FNDA:1,(anonymous_1)
FNDA:1,(anonymous_2)
FNDA:1,(anonymous_3)
DA:2,1
DA:4,1
DA:7,3
DA:10,1
DA:13,1
DA:18,1
DA:23,1
LF:7
LH:7
BRF:0
BRH:0
end_of_record
TN:
SF:src/repositories/passwordResetOtp.repository.ts
FN:7,(anonymous_0)
FN:12,(anonymous_1)
FN:17,(anonymous_2)
FN:22,(anonymous_3)
FN:27,(anonymous_4)
FN:32,(anonymous_5)
FNF:6
FNH:6
FNDA:5,(anonymous_0)
FNDA:1,(anonymous_1)
FNDA:1,(anonymous_2)
FNDA:1,(anonymous_3)
FNDA:1,(anonymous_4)
FNDA:1,(anonymous_5)
DA:2,1
DA:4,1
DA:7,5
DA:10,1
DA:13,1
DA:18,1
DA:23,1
DA:28,1
DA:33,1
LF:9
LH:9
BRF:0
BRH:0
end_of_record
TN:
SF:src/repositories/user.repository.ts
FN:6,(anonymous_0)
FN:11,(anonymous_1)
FN:16,(anonymous_2)
FN:21,(anonymous_3)
FN:36,(anonymous_4)
FN:47,(anonymous_5)
FN:57,(anonymous_6)
FN:66,(anonymous_7)
FN:71,(anonymous_8)
FN:76,(anonymous_9)
FN:81,(anonymous_10)
FNF:11
FNH:11
FNDA:12,(anonymous_0)
FNDA:1,(anonymous_1)
FNDA:1,(anonymous_2)
FNDA:2,(anonymous_3)
FNDA:2,(anonymous_4)
FNDA:2,(anonymous_5)
FNDA:1,(anonymous_6)
FNDA:1,(anonymous_7)
FNDA:1,(anonymous_8)
FNDA:1,(anonymous_9)
FNDA:1,(anonymous_10)
DA:2,1
DA:3,1
DA:6,12
DA:9,1
DA:12,1
DA:17,1
DA:26,2
DA:27,2
DA:29,2
DA:40,2
DA:51,2
DA:52,2
DA:53,2
DA:58,1
DA:67,1
DA:72,1
DA:77,1
DA:82,1
DA:84,1
DA:97,1
LF:20
LH:20
BRDA:23,0,0,1
BRDA:27,1,0,1
BRDA:27,1,1,1
BRDA:31,2,0,1
BRDA:31,2,1,1
BRDA:38,3,0,1
BRDA:42,4,0,1
BRDA:42,4,1,1
BRDA:49,5,0,1
BRDA:52,6,0,1
BRDA:52,6,1,1
BRF:11
BRH:11
end_of_record
TN:
SF:src/seed/adminSeed.ts
FN:22,seedAdminUser
FNF:1
FNH:1
FNDA:2,seedAdminUser
DA:5,1
DA:6,1
DA:7,1
DA:8,1
DA:9,1
DA:12,1
DA:13,1
DA:14,1
DA:15,1
DA:16,1
DA:17,1
DA:18,1
DA:19,1
DA:20,1
DA:22,1
DA:23,2
DA:24,2
DA:27,2
DA:28,2
DA:29,1
DA:30,1
DA:34,1
DA:35,1
DA:37,1
DA:49,1
DA:52,1
DA:60,1
DA:62,1
LF:28
LH:28
BRDA:12,0,0,1
BRDA:12,0,1,1
BRDA:13,1,0,1
BRDA:13,1,1,1
BRDA:14,2,0,1
BRDA:14,2,1,1
BRDA:15,3,0,1
BRDA:15,3,1,1
BRDA:16,4,0,1
BRDA:16,4,1,1
BRDA:17,5,0,1
BRDA:17,5,1,1
BRDA:18,6,0,1
BRDA:18,6,1,1
BRDA:19,7,0,1
BRDA:19,7,1,1
BRDA:20,8,0,1
BRDA:20,8,1,1
BRDA:28,9,0,1
BRDA:28,9,1,1
BRF:20
BRH:20
end_of_record
TN:
SF:src/services/password.service.ts
FN:15,generateOtpCode
FN:20,(anonymous_2)
FN:42,(anonymous_3)
FN:68,(anonymous_4)
FNF:4
FNH:4
FNDA:1,generateOtpCode
FNDA:3,(anonymous_2)
FNDA:2,(anonymous_3)
FNDA:4,(anonymous_4)
DA:2,1
DA:4,1
DA:5,1
DA:7,1
DA:9,1
DA:12,1
DA:16,1
DA:20,1
DA:26,3
DA:27,3
DA:30,2
DA:31,2
DA:34,1
DA:35,1
DA:36,1
DA:38,1
DA:42,1
DA:44,2
DA:46,2
DA:48,2
DA:50,1
DA:52,1
DA:59,1
DA:60,1
DA:64,2
DA:68,1
DA:74,4
DA:77,4
DA:78,4
DA:81,3
DA:82,1
DA:83,1
DA:87,2
DA:90,2
DA:91,2
DA:94,1
DA:95,1
DA:96,1
DA:98,1
LF:39
LH:39
BRDA:27,0,0,1
BRDA:27,0,1,2
BRDA:31,1,0,1
BRDA:31,1,1,1
BRDA:48,2,0,1
BRDA:48,2,1,1
BRDA:78,3,0,1
BRDA:78,3,1,3
BRDA:81,4,0,1
BRDA:81,4,1,2
BRDA:91,5,0,1
BRDA:91,5,1,1
BRF:12
BRH:12
end_of_record
TN:
SF:src/services/user.service.ts
FN:23,patchAuthCredential
FN:37,(anonymous_2)
FN:46,(anonymous_3)
FN:52,(anonymous_4)
FN:55,(anonymous_5)
FN:92,(anonymous_6)
FN:97,(anonymous_7)
FN:100,(anonymous_8)
FN:138,(anonymous_9)
FN:145,(anonymous_10)
FN:164,(anonymous_11)
FN:167,(anonymous_12)
FN:170,(anonymous_13)
FN:231,(anonymous_14)
FN:237,(anonymous_15)
FN:248,(anonymous_16)
FN:254,(anonymous_17)
FN:267,(anonymous_18)
FN:279,(anonymous_19)
FN:296,(anonymous_20)
FN:301,(anonymous_21)
FNF:21
FNH:21
FNDA:8,patchAuthCredential
FNDA:1,(anonymous_2)
FNDA:3,(anonymous_3)
FNDA:2,(anonymous_4)
FNDA:2,(anonymous_5)
FNDA:3,(anonymous_6)
FNDA:2,(anonymous_7)
FNDA:2,(anonymous_8)
FNDA:2,(anonymous_9)
FNDA:12,(anonymous_10)
FNDA:1,(anonymous_11)
FNDA:5,(anonymous_12)
FNDA:5,(anonymous_13)
FNDA:1,(anonymous_14)
FNDA:4,(anonymous_15)
FNDA:4,(anonymous_16)
FNDA:21,(anonymous_17)
FNDA:2,(anonymous_18)
FNDA:7,(anonymous_19)
FNDA:1,(anonymous_20)
FNDA:5,(anonymous_21)
DA:2,1
DA:6,1
DA:8,1
DA:9,1
DA:10,1
DA:12,1
DA:14,1
DA:24,8
DA:25,8
DA:26,8
DA:27,4
DA:28,4
DA:30,4
DA:31,4
DA:36,3
DA:37,2
DA:38,2
DA:41,1
DA:46,1
DA:50,3
DA:52,2
DA:53,2
DA:56,2
DA:57,1
DA:60,2
DA:62,1
DA:66,2
DA:68,2
DA:88,2
DA:92,1
DA:95,3
DA:97,2
DA:98,2
DA:101,2
DA:102,1
DA:105,2
DA:107,1
DA:111,2
DA:117,2
DA:134,2
DA:138,1
DA:139,2
DA:140,2
DA:141,1
DA:145,1
DA:147,12
DA:148,12
DA:151,11
DA:154,11
DA:155,11
DA:156,11
DA:157,11
DA:160,11
DA:161,5
DA:163,3
DA:164,3
DA:167,5
DA:168,5
DA:171,5
DA:172,4
DA:175,5
DA:177,4
DA:181,10
DA:182,6
DA:186,10
DA:187,7
DA:188,7
DA:189,7
DA:190,7
DA:191,7
DA:192,7
DA:193,7
DA:194,1
DA:199,10
DA:200,2
DA:201,2
DA:202,2
DA:203,2
DA:204,2
DA:205,1
DA:210,10
DA:212,10
DA:227,10
DA:231,1
DA:232,1
DA:233,1
DA:237,1
DA:239,4
DA:240,4
DA:241,4
DA:244,4
DA:247,4
DA:248,4
DA:250,1
DA:254,1
DA:255,21
DA:256,21
DA:258,20
DA:259,1
DA:260,1
DA:261,1
DA:263,19
DA:267,1
DA:268,2
DA:269,2
DA:270,2
DA:272,2
DA:274,2
DA:275,2
DA:279,1
DA:280,7
DA:281,1
DA:282,1
DA:283,1
DA:285,6
DA:286,6
DA:287,6
DA:289,6
DA:291,6
DA:292,6
DA:296,1
DA:297,1
DA:301,1
DA:303,5
DA:306,5
DA:309,5
DA:310,5
DA:311,5
DA:312,5
DA:313,5
DA:314,3
DA:318,5
DA:319,3
DA:320,3
DA:321,3
DA:322,3
DA:323,3
DA:324,3
DA:325,3
DA:326,1
DA:331,5
DA:332,2
DA:333,2
DA:334,2
DA:335,2
DA:336,2
DA:337,1
DA:341,5
DA:356,5
DA:357,5
LF:150
LH:150
BRDA:24,0,0,8
BRDA:24,0,1,8
BRDA:26,1,0,4
BRDA:26,1,1,4
BRDA:36,2,0,2
BRDA:36,2,1,1
BRDA:50,3,0,2
BRDA:50,3,1,1
BRDA:56,4,0,1
BRDA:56,4,1,1
BRDA:95,5,0,2
BRDA:95,5,1,1
BRDA:101,6,0,1
BRDA:101,6,1,1
BRDA:140,7,0,1
BRDA:140,7,1,1
BRDA:148,8,0,1
BRDA:148,8,1,11
BRDA:155,9,0,2
BRDA:155,9,1,9
BRDA:156,10,0,1
BRDA:156,10,1,10
BRDA:157,11,0,1
BRDA:157,11,1,10
BRDA:160,12,0,5
BRDA:160,12,1,6
BRDA:161,13,0,3
BRDA:161,13,1,2
BRDA:164,14,0,2
BRDA:164,14,1,1
BRDA:171,15,0,1
BRDA:171,15,1,4
BRDA:181,16,0,6
BRDA:181,16,1,4
BRDA:186,17,0,7
BRDA:186,17,1,3
BRDA:186,18,0,10
BRDA:186,18,1,7
BRDA:188,19,0,1
BRDA:188,19,1,6
BRDA:189,20,0,1
BRDA:189,20,1,6
BRDA:190,21,0,1
BRDA:190,21,1,6
BRDA:191,22,0,1
BRDA:191,22,1,6
BRDA:192,23,0,1
BRDA:192,23,1,6
BRDA:193,24,0,1
BRDA:193,24,1,6
BRDA:199,25,0,2
BRDA:199,25,1,8
BRDA:199,26,0,10
BRDA:199,26,1,2
BRDA:201,27,0,1
BRDA:201,27,1,1
BRDA:202,28,0,1
BRDA:202,28,1,1
BRDA:203,29,0,1
BRDA:203,29,1,1
BRDA:204,30,0,1
BRDA:204,30,1,1
BRDA:240,31,0,1
BRDA:240,31,1,3
BRDA:241,32,0,1
BRDA:241,32,1,3
BRDA:247,33,0,3
BRDA:247,33,1,1
BRDA:256,34,0,1
BRDA:256,34,1,20
BRDA:258,35,0,1
BRDA:258,35,1,19
BRDA:258,36,0,20
BRDA:258,36,1,20
BRDA:258,36,2,14
BRDA:272,37,0,1
BRDA:272,37,1,1
BRDA:274,38,0,1
BRDA:274,38,1,1
BRDA:280,39,0,1
BRDA:280,39,1,6
BRDA:310,40,0,3
BRDA:310,40,1,2
BRDA:311,41,0,1
BRDA:311,41,1,4
BRDA:312,42,0,1
BRDA:312,42,1,4
BRDA:313,43,0,3
BRDA:313,43,1,2
BRDA:318,44,0,3
BRDA:318,44,1,2
BRDA:318,45,0,5
BRDA:318,45,1,3
BRDA:320,46,0,1
BRDA:320,46,1,2
BRDA:321,47,0,1
BRDA:321,47,1,2
BRDA:322,48,0,1
BRDA:322,48,1,2
BRDA:323,49,0,1
BRDA:323,49,1,2
BRDA:324,50,0,1
BRDA:324,50,1,2
BRDA:325,51,0,1
BRDA:325,51,1,2
BRDA:331,52,0,2
BRDA:331,52,1,3
BRDA:331,53,0,5
BRDA:331,53,1,2
BRDA:333,54,0,1
BRDA:333,54,1,1
BRDA:334,55,0,1
BRDA:334,55,1,1
BRDA:335,56,0,1
BRDA:335,56,1,1
BRDA:336,57,0,1
BRDA:336,57,1,1
BRF:117
BRH:117
end_of_record
TN:
SF:src/utils/response.ts
FN:5,(anonymous_0)
FN:10,(anonymous_1)
FNF:2
FNH:2
FNDA:22,(anonymous_0)
FNDA:56,(anonymous_1)
DA:5,3
DA:6,22
DA:10,3
DA:11,56
LF:4
LH:4
BRDA:5,0,0,19
BRDA:10,1,0,42
BRF:2
BRH:2
end_of_record
TN:
SF:src/utils/validarDigitoVerificador.ts
FN:2,(anonymous_0)
FNF:1
FNH:1
FNDA:27,(anonymous_0)
DA:2,4
DA:4,27
DA:7,27
DA:10,25
DA:11,25
DA:14,25
DA:17,24
DA:18,24
DA:21,24
DA:22,183
DA:23,183
DA:27,24
DA:28,24
DA:31,24
LF:14
LH:14
BRDA:7,0,0,2
BRDA:7,0,1,25
BRDA:14,1,0,1
BRDA:14,1,1,24
BRDA:23,2,0,23
BRDA:23,2,1,160
BRDA:28,3,0,1
BRDA:28,3,1,23
BRDA:28,4,0,3
BRDA:28,4,1,20
BRF:10
BRH:10
end_of_record
TN:
SF:src/utils/validators.ts
FN:5,(anonymous_0)
FN:9,(anonymous_1)
FN:13,(anonymous_2)
FN:17,(anonymous_3)
FNF:4
FNH:4
FNDA:40,(anonymous_0)
FNDA:24,(anonymous_1)
FNDA:21,(anonymous_2)
FNDA:10,(anonymous_3)
DA:2,2
DA:5,2
DA:6,40
DA:9,2
DA:10,24
DA:13,2
DA:14,21
DA:17,2
DA:19,10
DA:21,10
DA:24,9
DA:25,9
DA:27,9
DA:30,9
LF:14
LH:14
BRDA:21,0,0,1
BRDA:21,0,1,9
BRF:2
BRH:2
end_of_record
